Analysis & Synthesis report for memory_top
Sun Apr 16 04:11:59 2023
Quartus Prime Version 22.1std.1 Build 917 02/14/2023 SC Lite Edition


---------------------
; Table of Contents ;
---------------------
  1. Legal Notice
  2. Analysis & Synthesis Summary
  3. Analysis & Synthesis Settings
  4. Parallel Compilation
  5. Analysis & Synthesis Source Files Read
  6. Analysis & Synthesis Resource Usage Summary
  7. Analysis & Synthesis Resource Utilization by Entity
  8. Registers Removed During Synthesis
  9. Removed Registers Triggering Further Register Optimizations
 10. General Register Statistics
 11. Parameter Settings for User Entity Instance: Top-level Entity: |memory_top
 12. Parameter Settings for User Entity Instance: program_counter:pc
 13. Parameter Settings for User Entity Instance: program_memory:pm
 14. Parameter Settings for User Entity Instance: register_file:rf
 15. Port Connectivity Checks: "register_file:rf"
 16. Port Connectivity Checks: "program_memory:pm"
 17. Port Connectivity Checks: "program_counter:pc"
 18. Post-Synthesis Netlist Statistics for Top Partition
 19. Elapsed Time Per Partition
 20. Analysis & Synthesis Messages



----------------
; Legal Notice ;
----------------
Copyright (C) 2023  Intel Corporation. All rights reserved.
Your use of Intel Corporation's design tools, logic functions 
and other software and tools, and any partner logic 
functions, and any output files from any of the foregoing 
(including device programming or simulation files), and any 
associated documentation or information are expressly subject 
to the terms and conditions of the Intel Program License 
Subscription Agreement, the Intel Quartus Prime License Agreement,
the Intel FPGA IP License Agreement, or other applicable license
agreement, including, without limitation, that your use is for
the sole purpose of programming logic devices manufactured by
Intel and sold by Intel or its authorized distributors.  Please
refer to the applicable agreement for further details, at
https://fpgasoftware.intel.com/eula.



+----------------------------------------------------------------------------------+
; Analysis & Synthesis Summary                                                     ;
+---------------------------------+------------------------------------------------+
; Analysis & Synthesis Status     ; Successful - Sun Apr 16 04:11:59 2023          ;
; Quartus Prime Version           ; 22.1std.1 Build 917 02/14/2023 SC Lite Edition ;
; Revision Name                   ; memory_top                                     ;
; Top-level Entity Name           ; memory_top                                     ;
; Family                          ; Cyclone V                                      ;
; Logic utilization (in ALMs)     ; N/A                                            ;
; Total registers                 ; 0                                              ;
; Total pins                      ; 19                                             ;
; Total virtual pins              ; 0                                              ;
; Total block memory bits         ; 0                                              ;
; Total DSP Blocks                ; 0                                              ;
; Total HSSI RX PCSs              ; 0                                              ;
; Total HSSI PMA RX Deserializers ; 0                                              ;
; Total HSSI TX PCSs              ; 0                                              ;
; Total HSSI PMA TX Serializers   ; 0                                              ;
; Total PLLs                      ; 0                                              ;
; Total DLLs                      ; 0                                              ;
+---------------------------------+------------------------------------------------+


+---------------------------------------------------------------------------------------------------------------------------+
; Analysis & Synthesis Settings                                                                                             ;
+---------------------------------------------------------------------------------+--------------------+--------------------+
; Option                                                                          ; Setting            ; Default Value      ;
+---------------------------------------------------------------------------------+--------------------+--------------------+
; Device                                                                          ; 5CSEMA5F31C6       ;                    ;
; Top-level entity name                                                           ; memory_top         ; memory_top         ;
; Family name                                                                     ; Cyclone V          ; Cyclone V          ;
; Use smart compilation                                                           ; Off                ; Off                ;
; Enable parallel Assembler and Timing Analyzer during compilation                ; On                 ; On                 ;
; Enable compact report table                                                     ; Off                ; Off                ;
; Restructure Multiplexers                                                        ; Auto               ; Auto               ;
; MLAB Add Timing Constraints For Mixed-Port Feed-Through Mode Setting Don't Care ; Off                ; Off                ;
; Create Debugging Nodes for IP Cores                                             ; Off                ; Off                ;
; Preserve fewer node names                                                       ; On                 ; On                 ;
; Intel FPGA IP Evaluation Mode                                                   ; Enable             ; Enable             ;
; Verilog Version                                                                 ; Verilog_2001       ; Verilog_2001       ;
; VHDL Version                                                                    ; VHDL_1993          ; VHDL_1993          ;
; State Machine Processing                                                        ; Auto               ; Auto               ;
; Safe State Machine                                                              ; Off                ; Off                ;
; Extract Verilog State Machines                                                  ; On                 ; On                 ;
; Extract VHDL State Machines                                                     ; On                 ; On                 ;
; Ignore Verilog initial constructs                                               ; Off                ; Off                ;
; Iteration limit for constant Verilog loops                                      ; 5000               ; 5000               ;
; Iteration limit for non-constant Verilog loops                                  ; 250                ; 250                ;
; Add Pass-Through Logic to Inferred RAMs                                         ; On                 ; On                 ;
; Infer RAMs from Raw Logic                                                       ; On                 ; On                 ;
; Parallel Synthesis                                                              ; On                 ; On                 ;
; DSP Block Balancing                                                             ; Auto               ; Auto               ;
; NOT Gate Push-Back                                                              ; On                 ; On                 ;
; Power-Up Don't Care                                                             ; On                 ; On                 ;
; Remove Redundant Logic Cells                                                    ; Off                ; Off                ;
; Remove Duplicate Registers                                                      ; On                 ; On                 ;
; Ignore CARRY Buffers                                                            ; Off                ; Off                ;
; Ignore CASCADE Buffers                                                          ; Off                ; Off                ;
; Ignore GLOBAL Buffers                                                           ; Off                ; Off                ;
; Ignore ROW GLOBAL Buffers                                                       ; Off                ; Off                ;
; Ignore LCELL Buffers                                                            ; Off                ; Off                ;
; Ignore SOFT Buffers                                                             ; On                 ; On                 ;
; Limit AHDL Integers to 32 Bits                                                  ; Off                ; Off                ;
; Optimization Technique                                                          ; Balanced           ; Balanced           ;
; Carry Chain Length                                                              ; 70                 ; 70                 ;
; Auto Carry Chains                                                               ; On                 ; On                 ;
; Auto Open-Drain Pins                                                            ; On                 ; On                 ;
; Perform WYSIWYG Primitive Resynthesis                                           ; Off                ; Off                ;
; Auto ROM Replacement                                                            ; On                 ; On                 ;
; Auto RAM Replacement                                                            ; On                 ; On                 ;
; Auto DSP Block Replacement                                                      ; On                 ; On                 ;
; Auto Shift Register Replacement                                                 ; Auto               ; Auto               ;
; Allow Shift Register Merging across Hierarchies                                 ; Auto               ; Auto               ;
; Auto Clock Enable Replacement                                                   ; On                 ; On                 ;
; Strict RAM Replacement                                                          ; Off                ; Off                ;
; Allow Synchronous Control Signals                                               ; On                 ; On                 ;
; Force Use of Synchronous Clear Signals                                          ; Off                ; Off                ;
; Auto Resource Sharing                                                           ; Off                ; Off                ;
; Allow Any RAM Size For Recognition                                              ; Off                ; Off                ;
; Allow Any ROM Size For Recognition                                              ; Off                ; Off                ;
; Allow Any Shift Register Size For Recognition                                   ; Off                ; Off                ;
; Use LogicLock Constraints during Resource Balancing                             ; On                 ; On                 ;
; Ignore translate_off and synthesis_off directives                               ; Off                ; Off                ;
; Timing-Driven Synthesis                                                         ; On                 ; On                 ;
; Report Parameter Settings                                                       ; On                 ; On                 ;
; Report Source Assignments                                                       ; On                 ; On                 ;
; Report Connectivity Checks                                                      ; On                 ; On                 ;
; Ignore Maximum Fan-Out Assignments                                              ; Off                ; Off                ;
; Synchronization Register Chain Length                                           ; 3                  ; 3                  ;
; Power Optimization During Synthesis                                             ; Normal compilation ; Normal compilation ;
; HDL message level                                                               ; Level2             ; Level2             ;
; Suppress Register Optimization Related Messages                                 ; Off                ; Off                ;
; Number of Removed Registers Reported in Synthesis Report                        ; 5000               ; 5000               ;
; Number of Swept Nodes Reported in Synthesis Report                              ; 5000               ; 5000               ;
; Number of Inverted Registers Reported in Synthesis Report                       ; 100                ; 100                ;
; Clock MUX Protection                                                            ; On                 ; On                 ;
; Auto Gated Clock Conversion                                                     ; Off                ; Off                ;
; Block Design Naming                                                             ; Auto               ; Auto               ;
; SDC constraint protection                                                       ; Off                ; Off                ;
; Synthesis Effort                                                                ; Auto               ; Auto               ;
; Shift Register Replacement - Allow Asynchronous Clear Signal                    ; On                 ; On                 ;
; Pre-Mapping Resynthesis Optimization                                            ; Off                ; Off                ;
; Analysis & Synthesis Message Level                                              ; Medium             ; Medium             ;
; Disable Register Merging Across Hierarchies                                     ; Auto               ; Auto               ;
; Resource Aware Inference For Block RAM                                          ; On                 ; On                 ;
; Automatic Parallel Synthesis                                                    ; On                 ; On                 ;
; Partial Reconfiguration Bitstream ID                                            ; Off                ; Off                ;
+---------------------------------------------------------------------------------+--------------------+--------------------+


+------------------------------------------+
; Parallel Compilation                     ;
+----------------------------+-------------+
; Processors                 ; Number      ;
+----------------------------+-------------+
; Number detected on machine ; 16          ;
; Maximum allowed            ; 16          ;
;                            ;             ;
; Average used               ; 1.00        ;
; Maximum used               ; 1           ;
;                            ;             ;
; Usage by Processor         ; % Time Used ;
;     Processor 1            ; 100.0%      ;
+----------------------------+-------------+


+-------------------------------------------------------------------------------------------------------------------------------------------------------------------------------------------------------+
; Analysis & Synthesis Source Files Read                                                                                                                                                                ;
+--------------------------------------------------------+-----------------+---------------------------------------------+--------------------------------------------------------------------+---------+
; File Name with User-Entered Path                       ; Used in Netlist ; File Type                                   ; File Name with Absolute Path                                       ; Library ;
+--------------------------------------------------------+-----------------+---------------------------------------------+--------------------------------------------------------------------+---------+
; ../../rtl/memory/program_counter.sv                    ; yes             ; User SystemVerilog HDL File                 ; /home/jonahfoley/ELEC6234/a_fine_CPU/rtl/memory/program_counter.sv ;         ;
; ../../rtl/memory/register_file.sv                      ; yes             ; User SystemVerilog HDL File                 ; /home/jonahfoley/ELEC6234/a_fine_CPU/rtl/memory/register_file.sv   ;         ;
; ../../rtl/memory/program_memory.sv                     ; yes             ; User SystemVerilog HDL File                 ; /home/jonahfoley/ELEC6234/a_fine_CPU/rtl/memory/program_memory.sv  ;         ;
; ../../rtl/memory/memory_top.sv                         ; yes             ; User SystemVerilog HDL File                 ; /home/jonahfoley/ELEC6234/a_fine_CPU/rtl/memory/memory_top.sv      ;         ;
; /home/jonahfoley/ELEC6234/a_fine_CPU/programs/prog.hex ; yes             ; Auto-Found Hexadecimal (Intel-Format) File  ; /home/jonahfoley/ELEC6234/a_fine_CPU/programs/prog.hex             ;         ;
+--------------------------------------------------------+-----------------+---------------------------------------------+--------------------------------------------------------------------+---------+


+-----------------------------------------------------+
; Analysis & Synthesis Resource Usage Summary         ;
+---------------------------------------------+-------+
; Resource                                    ; Usage ;
+---------------------------------------------+-------+
; Estimate of Logic utilization (ALMs needed) ; 0     ;
;                                             ;       ;
; Combinational ALUT usage for logic          ; 0     ;
;     -- 7 input functions                    ; 0     ;
;     -- 6 input functions                    ; 0     ;
;     -- 5 input functions                    ; 0     ;
;     -- 4 input functions                    ; 0     ;
;     -- <=3 input functions                  ; 0     ;
;                                             ;       ;
; Dedicated logic registers                   ; 0     ;
;                                             ;       ;
; I/O pins                                    ; 19    ;
;                                             ;       ;
; Total DSP Blocks                            ; 0     ;
;                                             ;       ;
; Maximum fan-out node                        ; sw[0] ;
; Maximum fan-out                             ; 1     ;
; Total fan-out                               ; 19    ;
; Average fan-out                             ; 0.50  ;
+---------------------------------------------+-------+


+----------------------------------------------------------------------------------------------------------------------------------------------------------------------------------------+
; Analysis & Synthesis Resource Utilization by Entity                                                                                                                                    ;
+----------------------------+---------------------+---------------------------+-------------------+------------+------+--------------+---------------------+-------------+--------------+
; Compilation Hierarchy Node ; Combinational ALUTs ; Dedicated Logic Registers ; Block Memory Bits ; DSP Blocks ; Pins ; Virtual Pins ; Full Hierarchy Name ; Entity Name ; Library Name ;
+----------------------------+---------------------+---------------------------+-------------------+------------+------+--------------+---------------------+-------------+--------------+
; |memory_top                ; 0 (0)               ; 0 (0)                     ; 0                 ; 0          ; 19   ; 0            ; |memory_top         ; memory_top  ; work         ;
+----------------------------+---------------------+---------------------------+-------------------+------------+------+--------------+---------------------+-------------+--------------+
Note: For table entries with two numbers listed, the numbers in parentheses indicate the number of resources of the given type used by the specific entity alone. The numbers listed outside of parentheses indicate the total resources of the given type used by the specific entity and all of its sub-entities in the hierarchy.


+---------------------------------------------------------------------------------+
; Registers Removed During Synthesis                                              ;
+----------------------------------------+----------------------------------------+
; Register name                          ; Reason for Removal                     ;
+----------------------------------------+----------------------------------------+
; register_file:rf|gpr[7][0]             ; Stuck at VCC due to stuck port data_in ;
; register_file:rf|gpr[7][1]             ; Stuck at VCC due to stuck port data_in ;
; register_file:rf|gpr[7][2]             ; Stuck at VCC due to stuck port data_in ;
; register_file:rf|gpr[7][3]             ; Stuck at VCC due to stuck port data_in ;
; register_file:rf|gpr[7][4]             ; Stuck at VCC due to stuck port data_in ;
; register_file:rf|gpr[7][5]             ; Stuck at VCC due to stuck port data_in ;
; register_file:rf|gpr[7][6]             ; Stuck at VCC due to stuck port data_in ;
; register_file:rf|gpr[7][7]             ; Stuck at VCC due to stuck port data_in ;
; program_counter:pc|count[0..3]         ; Lost fanout                            ;
; Total Number of Removed Registers = 12 ;                                        ;
+----------------------------------------+----------------------------------------+


+--------------------------------------------------------------------------------------------------------------------+
; Removed Registers Triggering Further Register Optimizations                                                        ;
+----------------------------+---------------------------+-----------------------------------------------------------+
; Register name              ; Reason for Removal        ; Registers Removed due to This Register                    ;
+----------------------------+---------------------------+-----------------------------------------------------------+
; register_file:rf|gpr[7][0] ; Stuck at VCC              ; program_counter:pc|count[0], program_counter:pc|count[1], ;
;                            ; due to stuck port data_in ; program_counter:pc|count[2], program_counter:pc|count[3]  ;
+----------------------------+---------------------------+-----------------------------------------------------------+


+------------------------------------------------------+
; General Register Statistics                          ;
+----------------------------------------------+-------+
; Statistic                                    ; Value ;
+----------------------------------------------+-------+
; Total registers                              ; 0     ;
; Number of registers using Synchronous Clear  ; 0     ;
; Number of registers using Synchronous Load   ; 0     ;
; Number of registers using Asynchronous Clear ; 0     ;
; Number of registers using Asynchronous Load  ; 0     ;
; Number of registers using Clock Enable       ; 0     ;
; Number of registers using Preset             ; 0     ;
+----------------------------------------------+-------+


+----------------------------------------------------------------------------+
; Parameter Settings for User Entity Instance: Top-level Entity: |memory_top ;
+------------------+-------+-------------------------------------------------+
; Parameter Name   ; Value ; Type                                            ;
+------------------+-------+-------------------------------------------------+
; INSTR_WIDTH      ; 12    ; Signed Integer                                  ;
; OPCODE_WIDTH     ; 3     ; Signed Integer                                  ;
; INSTR_ADDR_WIDTH ; 4     ; Signed Integer                                  ;
; REG_ADDR_WIDTH   ; 3     ; Signed Integer                                  ;
; BUS_WIDTH        ; 8     ; Signed Integer                                  ;
+------------------+-------+-------------------------------------------------+
Note: In order to hide this table in the UI and the text report file, please set the "Show Parameter Settings in Synthesis Report" option in "Analysis and Synthesis Settings -> More Settings" to "Off".


+-----------------------------------------------------------------+
; Parameter Settings for User Entity Instance: program_counter:pc ;
+----------------+-------+----------------------------------------+
; Parameter Name ; Value ; Type                                   ;
+----------------+-------+----------------------------------------+
; ADDR_WIDTH     ; 4     ; Signed Integer                         ;
+----------------+-------+----------------------------------------+
Note: In order to hide this table in the UI and the text report file, please set the "Show Parameter Settings in Synthesis Report" option in "Analysis and Synthesis Settings -> More Settings" to "Off".


+----------------------------------------------------------------+
; Parameter Settings for User Entity Instance: program_memory:pm ;
+----------------+-------+---------------------------------------+
; Parameter Name ; Value ; Type                                  ;
+----------------+-------+---------------------------------------+
; ADDR_WIDTH     ; 4     ; Signed Integer                        ;
; INSTR_WIDTH    ; 12    ; Signed Integer                        ;
+----------------+-------+---------------------------------------+
Note: In order to hide this table in the UI and the text report file, please set the "Show Parameter Settings in Synthesis Report" option in "Analysis and Synthesis Settings -> More Settings" to "Off".


+---------------------------------------------------------------+
; Parameter Settings for User Entity Instance: register_file:rf ;
+----------------+-------+--------------------------------------+
; Parameter Name ; Value ; Type                                 ;
+----------------+-------+--------------------------------------+
; BUS_WIDTH      ; 8     ; Signed Integer                       ;
; ADDR_WIDTH     ; 3     ; Signed Integer                       ;
+----------------+-------+--------------------------------------+
Note: In order to hide this table in the UI and the text report file, please set the "Show Parameter Settings in Synthesis Report" option in "Analysis and Synthesis Settings -> More Settings" to "Off".


+-------------------------------------------------------------------------------------------------------------------------+
; Port Connectivity Checks: "register_file:rf"                                                                            ;
+---------------+--------+----------+-------------------------------------------------------------------------------------+
; Port          ; Type   ; Severity ; Details                                                                             ;
+---------------+--------+----------+-------------------------------------------------------------------------------------+
; pattern_match ; Input  ; Info     ; Stuck at VCC                                                                        ;
; we            ; Input  ; Info     ; Stuck at VCC                                                                        ;
; rd_data_a     ; Output ; Info     ; Connected to dangling logic. Logic that only feeds a dangling port will be removed. ;
; rd_data_b     ; Output ; Info     ; Connected to dangling logic. Logic that only feeds a dangling port will be removed. ;
+---------------+--------+----------+-------------------------------------------------------------------------------------+


+------------------------------------------------------------------------------------------------------------------------+
; Port Connectivity Checks: "program_memory:pm"                                                                          ;
+--------------+--------+----------+-------------------------------------------------------------------------------------+
; Port         ; Type   ; Severity ; Details                                                                             ;
+--------------+--------+----------+-------------------------------------------------------------------------------------+
; instr[11..6] ; Output ; Info     ; Connected to dangling logic. Logic that only feeds a dangling port will be removed. ;
+--------------+--------+----------+-------------------------------------------------------------------------------------+


+------------------------------------------------+
; Port Connectivity Checks: "program_counter:pc" ;
+------+-------+----------+----------------------+
; Port ; Type  ; Severity ; Details              ;
+------+-------+----------+----------------------+
; en   ; Input ; Info     ; Stuck at VCC         ;
+------+-------+----------+----------------------+


+-----------------------------------------------------+
; Post-Synthesis Netlist Statistics for Top Partition ;
+-----------------------+-----------------------------+
; Type                  ; Count                       ;
+-----------------------+-----------------------------+
; arriav_lcell_comb     ; 1                           ;
;     normal            ; 1                           ;
;         0 data inputs ; 1                           ;
; boundary_port         ; 19                          ;
;                       ;                             ;
; Max LUT depth         ; 0.00                        ;
; Average LUT depth     ; 0.00                        ;
+-----------------------+-----------------------------+


+-------------------------------+
; Elapsed Time Per Partition    ;
+----------------+--------------+
; Partition Name ; Elapsed Time ;
+----------------+--------------+
; Top            ; 00:00:00     ;
+----------------+--------------+


+-------------------------------+
; Analysis & Synthesis Messages ;
+-------------------------------+
Info: *******************************************************************
Info: Running Quartus Prime Analysis & Synthesis
    Info: Version 22.1std.1 Build 917 02/14/2023 SC Lite Edition
    Info: Processing started: Sun Apr 16 04:11:47 2023
Info: Command: quartus_map --read_settings_files=on --write_settings_files=off memory -c memory_top
Warning (18236): Number of processors has not been specified which may cause overloading on shared machines.  Set the global assignment NUM_PARALLEL_PROCESSORS in your QSF to an appropriate value for best performance.
Info (20030): Parallel compilation is enabled and will use 16 of the 16 processors detected
Info (12021): Found 1 design units, including 1 entities, in source file /home/jonahfoley/ELEC6234/a_fine_CPU/rtl/memory/program_counter.sv
    Info (12023): Found entity 1: program_counter File: /home/jonahfoley/ELEC6234/a_fine_CPU/rtl/memory/program_counter.sv Line: 1
Info (12021): Found 1 design units, including 1 entities, in source file /home/jonahfoley/ELEC6234/a_fine_CPU/rtl/memory/register_file.sv
    Info (12023): Found entity 1: register_file File: /home/jonahfoley/ELEC6234/a_fine_CPU/rtl/memory/register_file.sv Line: 1
Info (12021): Found 1 design units, including 1 entities, in source file /home/jonahfoley/ELEC6234/a_fine_CPU/rtl/memory/program_memory.sv
    Info (12023): Found entity 1: program_memory File: /home/jonahfoley/ELEC6234/a_fine_CPU/rtl/memory/program_memory.sv Line: 1
Info (12021): Found 1 design units, including 1 entities, in source file /home/jonahfoley/ELEC6234/a_fine_CPU/rtl/memory/memory_top.sv
    Info (12023): Found entity 1: memory_top File: /home/jonahfoley/ELEC6234/a_fine_CPU/rtl/memory/memory_top.sv Line: 1
Info (12127): Elaborating entity "memory_top" for the top level hierarchy
Info (12128): Elaborating entity "program_counter" for hierarchy "program_counter:pc" File: /home/jonahfoley/ELEC6234/a_fine_CPU/rtl/memory/memory_top.sv Line: 33
Info (12128): Elaborating entity "program_memory" for hierarchy "program_memory:pm" File: /home/jonahfoley/ELEC6234/a_fine_CPU/rtl/memory/memory_top.sv Line: 44
Warning (10030): Net "prog_mem.data_a" at program_memory.sv(9) has no driver or initial value, using a default initial value '0' File: /home/jonahfoley/ELEC6234/a_fine_CPU/rtl/memory/program_memory.sv Line: 9
Warning (10030): Net "prog_mem.waddr_a" at program_memory.sv(9) has no driver or initial value, using a default initial value '0' File: /home/jonahfoley/ELEC6234/a_fine_CPU/rtl/memory/program_memory.sv Line: 9
Warning (10030): Net "prog_mem.we_a" at program_memory.sv(9) has no driver or initial value, using a default initial value '0' File: /home/jonahfoley/ELEC6234/a_fine_CPU/rtl/memory/program_memory.sv Line: 9
Info (12128): Elaborating entity "register_file" for hierarchy "register_file:rf" File: /home/jonahfoley/ELEC6234/a_fine_CPU/rtl/memory/memory_top.sv Line: 65
Warning (13024): Output pins are stuck at VCC or GND
    Warning (13410): Pin "out_port[0]" is stuck at VCC File: /home/jonahfoley/ELEC6234/a_fine_CPU/rtl/memory/memory_top.sv Line: 13
    Warning (13410): Pin "out_port[1]" is stuck at VCC File: /home/jonahfoley/ELEC6234/a_fine_CPU/rtl/memory/memory_top.sv Line: 13
    Warning (13410): Pin "out_port[2]" is stuck at VCC File: /home/jonahfoley/ELEC6234/a_fine_CPU/rtl/memory/memory_top.sv Line: 13
    Warning (13410): Pin "out_port[3]" is stuck at VCC File: /home/jonahfoley/ELEC6234/a_fine_CPU/rtl/memory/memory_top.sv Line: 13
    Warning (13410): Pin "out_port[4]" is stuck at VCC File: /home/jonahfoley/ELEC6234/a_fine_CPU/rtl/memory/memory_top.sv Line: 13
    Warning (13410): Pin "out_port[5]" is stuck at VCC File: /home/jonahfoley/ELEC6234/a_fine_CPU/rtl/memory/memory_top.sv Line: 13
    Warning (13410): Pin "out_port[6]" is stuck at VCC File: /home/jonahfoley/ELEC6234/a_fine_CPU/rtl/memory/memory_top.sv Line: 13
    Warning (13410): Pin "out_port[7]" is stuck at VCC File: /home/jonahfoley/ELEC6234/a_fine_CPU/rtl/memory/memory_top.sv Line: 13
Info (17049): 4 registers lost all their fanouts during netlist optimizations.
Info (16010): Generating hard_block partition "hard_block:auto_generated_inst"
    Info (16011): Adding 0 node(s), including 0 DDIO, 0 PLL, 0 transceiver and 0 LCELL
Warning (21074): Design contains 11 input pin(s) that do not drive logic
    Warning (15610): No output dependent on input pin "sw[0]" File: /home/jonahfoley/ELEC6234/a_fine_CPU/rtl/memory/memory_top.sv Line: 10
    Warning (15610): No output dependent on input pin "sw[1]" File: /home/jonahfoley/ELEC6234/a_fine_CPU/rtl/memory/memory_top.sv Line: 10
    Warning (15610): No output dependent on input pin "sw[2]" File: /home/jonahfoley/ELEC6234/a_fine_CPU/rtl/memory/memory_top.sv Line: 10
    Warning (15610): No output dependent on input pin "sw[3]" File: /home/jonahfoley/ELEC6234/a_fine_CPU/rtl/memory/memory_top.sv Line: 10
    Warning (15610): No output dependent on input pin "sw[4]" File: /home/jonahfoley/ELEC6234/a_fine_CPU/rtl/memory/memory_top.sv Line: 10
    Warning (15610): No output dependent on input pin "sw[5]" File: /home/jonahfoley/ELEC6234/a_fine_CPU/rtl/memory/memory_top.sv Line: 10
    Warning (15610): No output dependent on input pin "sw[6]" File: /home/jonahfoley/ELEC6234/a_fine_CPU/rtl/memory/memory_top.sv Line: 10
    Warning (15610): No output dependent on input pin "sw[7]" File: /home/jonahfoley/ELEC6234/a_fine_CPU/rtl/memory/memory_top.sv Line: 10
    Warning (15610): No output dependent on input pin "ready_in" File: /home/jonahfoley/ELEC6234/a_fine_CPU/rtl/memory/memory_top.sv Line: 11
    Warning (15610): No output dependent on input pin "clk" File: /home/jonahfoley/ELEC6234/a_fine_CPU/rtl/memory/memory_top.sv Line: 8
    Warning (15610): No output dependent on input pin "n_reset" File: /home/jonahfoley/ELEC6234/a_fine_CPU/rtl/memory/memory_top.sv Line: 9
Info (21057): Implemented 19 device resources after synthesis - the final resource count might be different
    Info (21058): Implemented 11 input pins
    Info (21059): Implemented 8 output pins
Info: Quartus Prime Analysis & Synthesis was successful. 0 errors, 25 warnings
    Info: Peak virtual memory: 428 megabytes
    Info: Processing ended: Sun Apr 16 04:11:59 2023
    Info: Elapsed time: 00:00:12
    Info: Total CPU time (on all processors): 00:00:37


